Determining if the CL_VERSION_2_0 exist failed with the following output:
Change Dir: /home/ubuntu/xmr-stak/xmrstak/CMakeFiles/CMakeTmp

Run Build Command:"/usr/bin/make" "cmTC_0942c/fast"
/usr/bin/make -f CMakeFiles/cmTC_0942c.dir/build.make CMakeFiles/cmTC_0942c.dir/build
make[1]: Entering directory '/home/ubuntu/xmr-stak/xmrstak/CMakeFiles/CMakeTmp'
Building C object CMakeFiles/cmTC_0942c.dir/CheckSymbolExists.c.o
/usr/bin/cc    -march=native -mtune=native     -o CMakeFiles/cmTC_0942c.dir/CheckSymbolExists.c.o   -c /home/ubuntu/xmr-stak/xmrstak/CMakeFiles/CMakeTmp/CheckSymbolExists.c
/home/ubuntu/xmr-stak/xmrstak/CMakeFiles/CMakeTmp/CheckSymbolExists.c:2:47: fatal error: OpenCL_INCLUDE_DIR-NOTFOUND/CL/cl.h: No such file or directory
compilation terminated.
CMakeFiles/cmTC_0942c.dir/build.make:65: recipe for target 'CMakeFiles/cmTC_0942c.dir/CheckSymbolExists.c.o' failed
make[1]: *** [CMakeFiles/cmTC_0942c.dir/CheckSymbolExists.c.o] Error 1
make[1]: Leaving directory '/home/ubuntu/xmr-stak/xmrstak/CMakeFiles/CMakeTmp'
Makefile:126: recipe for target 'cmTC_0942c/fast' failed
make: *** [cmTC_0942c/fast] Error 2

File /home/ubuntu/xmr-stak/xmrstak/CMakeFiles/CMakeTmp/CheckSymbolExists.c:
/* */
#include <OpenCL_INCLUDE_DIR-NOTFOUND/CL/cl.h>

int main(int argc, char** argv)
{
  (void)argv;
#ifndef CL_VERSION_2_0
  return ((int*)(&CL_VERSION_2_0))[argc];
#else
  (void)argc;
  return 0;
#endif
}

Determining if the CL_VERSION_1_2 exist failed with the following output:
Change Dir: /home/ubuntu/xmr-stak/xmrstak/CMakeFiles/CMakeTmp

Run Build Command:"/usr/bin/make" "cmTC_09362/fast"
/usr/bin/make -f CMakeFiles/cmTC_09362.dir/build.make CMakeFiles/cmTC_09362.dir/build
make[1]: Entering directory '/home/ubuntu/xmr-stak/xmrstak/CMakeFiles/CMakeTmp'
Building C object CMakeFiles/cmTC_09362.dir/CheckSymbolExists.c.o
/usr/bin/cc    -march=native -mtune=native     -o CMakeFiles/cmTC_09362.dir/CheckSymbolExists.c.o   -c /home/ubuntu/xmr-stak/xmrstak/CMakeFiles/CMakeTmp/CheckSymbolExists.c
/home/ubuntu/xmr-stak/xmrstak/CMakeFiles/CMakeTmp/CheckSymbolExists.c:2:47: fatal error: OpenCL_INCLUDE_DIR-NOTFOUND/CL/cl.h: No such file or directory
compilation terminated.
CMakeFiles/cmTC_09362.dir/build.make:65: recipe for target 'CMakeFiles/cmTC_09362.dir/CheckSymbolExists.c.o' failed
make[1]: *** [CMakeFiles/cmTC_09362.dir/CheckSymbolExists.c.o] Error 1
make[1]: Leaving directory '/home/ubuntu/xmr-stak/xmrstak/CMakeFiles/CMakeTmp'
Makefile:126: recipe for target 'cmTC_09362/fast' failed
make: *** [cmTC_09362/fast] Error 2

File /home/ubuntu/xmr-stak/xmrstak/CMakeFiles/CMakeTmp/CheckSymbolExists.c:
/* */
#include <OpenCL_INCLUDE_DIR-NOTFOUND/CL/cl.h>

int main(int argc, char** argv)
{
  (void)argv;
#ifndef CL_VERSION_1_2
  return ((int*)(&CL_VERSION_1_2))[argc];
#else
  (void)argc;
  return 0;
#endif
}

Determining if the CL_VERSION_1_1 exist failed with the following output:
Change Dir: /home/ubuntu/xmr-stak/xmrstak/CMakeFiles/CMakeTmp

Run Build Command:"/usr/bin/make" "cmTC_1552c/fast"
/usr/bin/make -f CMakeFiles/cmTC_1552c.dir/build.make CMakeFiles/cmTC_1552c.dir/build
make[1]: Entering directory '/home/ubuntu/xmr-stak/xmrstak/CMakeFiles/CMakeTmp'
Building C object CMakeFiles/cmTC_1552c.dir/CheckSymbolExists.c.o
/usr/bin/cc    -march=native -mtune=native     -o CMakeFiles/cmTC_1552c.dir/CheckSymbolExists.c.o   -c /home/ubuntu/xmr-stak/xmrstak/CMakeFiles/CMakeTmp/CheckSymbolExists.c
/home/ubuntu/xmr-stak/xmrstak/CMakeFiles/CMakeTmp/CheckSymbolExists.c:2:47: fatal error: OpenCL_INCLUDE_DIR-NOTFOUND/CL/cl.h: No such file or directory
compilation terminated.
CMakeFiles/cmTC_1552c.dir/build.make:65: recipe for target 'CMakeFiles/cmTC_1552c.dir/CheckSymbolExists.c.o' failed
make[1]: *** [CMakeFiles/cmTC_1552c.dir/CheckSymbolExists.c.o] Error 1
make[1]: Leaving directory '/home/ubuntu/xmr-stak/xmrstak/CMakeFiles/CMakeTmp'
Makefile:126: recipe for target 'cmTC_1552c/fast' failed
make: *** [cmTC_1552c/fast] Error 2

File /home/ubuntu/xmr-stak/xmrstak/CMakeFiles/CMakeTmp/CheckSymbolExists.c:
/* */
#include <OpenCL_INCLUDE_DIR-NOTFOUND/CL/cl.h>

int main(int argc, char** argv)
{
  (void)argv;
#ifndef CL_VERSION_1_1
  return ((int*)(&CL_VERSION_1_1))[argc];
#else
  (void)argc;
  return 0;
#endif
}

Determining if the CL_VERSION_1_0 exist failed with the following output:
Change Dir: /home/ubuntu/xmr-stak/xmrstak/CMakeFiles/CMakeTmp

Run Build Command:"/usr/bin/make" "cmTC_530ab/fast"
/usr/bin/make -f CMakeFiles/cmTC_530ab.dir/build.make CMakeFiles/cmTC_530ab.dir/build
make[1]: Entering directory '/home/ubuntu/xmr-stak/xmrstak/CMakeFiles/CMakeTmp'
Building C object CMakeFiles/cmTC_530ab.dir/CheckSymbolExists.c.o
/usr/bin/cc    -march=native -mtune=native     -o CMakeFiles/cmTC_530ab.dir/CheckSymbolExists.c.o   -c /home/ubuntu/xmr-stak/xmrstak/CMakeFiles/CMakeTmp/CheckSymbolExists.c
/home/ubuntu/xmr-stak/xmrstak/CMakeFiles/CMakeTmp/CheckSymbolExists.c:2:47: fatal error: OpenCL_INCLUDE_DIR-NOTFOUND/CL/cl.h: No such file or directory
compilation terminated.
CMakeFiles/cmTC_530ab.dir/build.make:65: recipe for target 'CMakeFiles/cmTC_530ab.dir/CheckSymbolExists.c.o' failed
make[1]: *** [CMakeFiles/cmTC_530ab.dir/CheckSymbolExists.c.o] Error 1
make[1]: Leaving directory '/home/ubuntu/xmr-stak/xmrstak/CMakeFiles/CMakeTmp'
Makefile:126: recipe for target 'cmTC_530ab/fast' failed
make: *** [cmTC_530ab/fast] Error 2

File /home/ubuntu/xmr-stak/xmrstak/CMakeFiles/CMakeTmp/CheckSymbolExists.c:
/* */
#include <OpenCL_INCLUDE_DIR-NOTFOUND/CL/cl.h>

int main(int argc, char** argv)
{
  (void)argv;
#ifndef CL_VERSION_1_0
  return ((int*)(&CL_VERSION_1_0))[argc];
#else
  (void)argc;
  return 0;
#endif
}

Determining if the pthread_create exist failed with the following output:
Change Dir: /home/ubuntu/xmr-stak/xmrstak/CMakeFiles/CMakeTmp

Run Build Command:"/usr/bin/make" "cmTC_934a6/fast"
/usr/bin/make -f CMakeFiles/cmTC_934a6.dir/build.make CMakeFiles/cmTC_934a6.dir/build
make[1]: Entering directory '/home/ubuntu/xmr-stak/xmrstak/CMakeFiles/CMakeTmp'
Building C object CMakeFiles/cmTC_934a6.dir/CheckSymbolExists.c.o
/usr/bin/cc    -march=native -mtune=native     -o CMakeFiles/cmTC_934a6.dir/CheckSymbolExists.c.o   -c /home/ubuntu/xmr-stak/xmrstak/CMakeFiles/CMakeTmp/CheckSymbolExists.c
Linking C executable cmTC_934a6
/usr/bin/cmake -E cmake_link_script CMakeFiles/cmTC_934a6.dir/link.txt --verbose=1
/usr/bin/cc  -march=native -mtune=native      CMakeFiles/cmTC_934a6.dir/CheckSymbolExists.c.o  -o cmTC_934a6 -rdynamic 
CMakeFiles/cmTC_934a6.dir/CheckSymbolExists.c.o: In function `main':
CheckSymbolExists.c:(.text+0x16): undefined reference to `pthread_create'
collect2: error: ld returned 1 exit status
CMakeFiles/cmTC_934a6.dir/build.make:97: recipe for target 'cmTC_934a6' failed
make[1]: *** [cmTC_934a6] Error 1
make[1]: Leaving directory '/home/ubuntu/xmr-stak/xmrstak/CMakeFiles/CMakeTmp'
Makefile:126: recipe for target 'cmTC_934a6/fast' failed
make: *** [cmTC_934a6/fast] Error 2

File /home/ubuntu/xmr-stak/xmrstak/CMakeFiles/CMakeTmp/CheckSymbolExists.c:
/* */
#include <pthread.h>

int main(int argc, char** argv)
{
  (void)argv;
#ifndef pthread_create
  return ((int*)(&pthread_create))[argc];
#else
  (void)argc;
  return 0;
#endif
}

Determining if the function pthread_create exists in the pthreads failed with the following output:
Change Dir: /home/ubuntu/xmr-stak/xmrstak/CMakeFiles/CMakeTmp

Run Build Command:"/usr/bin/make" "cmTC_7b102/fast"
/usr/bin/make -f CMakeFiles/cmTC_7b102.dir/build.make CMakeFiles/cmTC_7b102.dir/build
make[1]: Entering directory '/home/ubuntu/xmr-stak/xmrstak/CMakeFiles/CMakeTmp'
Building C object CMakeFiles/cmTC_7b102.dir/CheckFunctionExists.c.o
/usr/bin/cc    -march=native -mtune=native  -DCHECK_FUNCTION_EXISTS=pthread_create   -o CMakeFiles/cmTC_7b102.dir/CheckFunctionExists.c.o   -c /usr/share/cmake-3.5/Modules/CheckFunctionExists.c
Linking C executable cmTC_7b102
/usr/bin/cmake -E cmake_link_script CMakeFiles/cmTC_7b102.dir/link.txt --verbose=1
/usr/bin/cc  -march=native -mtune=native  -DCHECK_FUNCTION_EXISTS=pthread_create    CMakeFiles/cmTC_7b102.dir/CheckFunctionExists.c.o  -o cmTC_7b102 -rdynamic -lpthreads 
/usr/bin/ld: cannot find -lpthreads
collect2: error: ld returned 1 exit status
CMakeFiles/cmTC_7b102.dir/build.make:97: recipe for target 'cmTC_7b102' failed
make[1]: *** [cmTC_7b102] Error 1
make[1]: Leaving directory '/home/ubuntu/xmr-stak/xmrstak/CMakeFiles/CMakeTmp'
Makefile:126: recipe for target 'cmTC_7b102/fast' failed
make: *** [cmTC_7b102/fast] Error 2


